16:24:47: Creating resource group General
16:24:47: Creating resource group Internal
16:24:47: Creating resource group Autodetect
16:24:47: SceneManagerFactory for type 'DefaultSceneManager' registered.
16:24:47: Registering ResourceManager for type Material
16:24:47: Registering ResourceManager for type Mesh
16:24:47: Registering ResourceManager for type Skeleton
16:24:47: MovableObjectFactory for type 'ParticleSystem' registered.
16:24:47: OverlayElementFactory for type Panel registered.
16:24:47: OverlayElementFactory for type BorderPanel registered.
16:24:47: OverlayElementFactory for type TextArea registered.
16:24:47: Registering ResourceManager for type Font
16:24:47: ArchiveFactory for archive type FileSystem registered.
16:24:47: ArchiveFactory for archive type Zip registered.
16:24:47: FreeImage version: 3.10.0
16:24:47: This program uses FreeImage, a free, open source image library supporting all common bitmap formats. See http://freeimage.sourceforge.net for details
16:24:47: Supported formats: bmp,ico,jpg,jif,jpeg,jpe,jng,koa,iff,lbm,mng,pbm,pbm,pcd,pcx,pgm,pgm,png,ppm,ppm,ras,tga,targa,tif,tiff,wap,wbmp,wbm,psd,cut,xbm,xpm,gif,hdr,g3,sgi,exr,j2k,j2c,jp2
16:24:47: DDS codec registering
16:24:47: Registering ResourceManager for type HighLevelGpuProgram
16:24:47: Registering ResourceManager for type Compositor
16:24:47: MovableObjectFactory for type 'Entity' registered.
16:24:47: MovableObjectFactory for type 'Light' registered.
16:24:47: MovableObjectFactory for type 'BillboardSet' registered.
16:24:47: MovableObjectFactory for type 'ManualObject' registered.
16:24:47: MovableObjectFactory for type 'BillboardChain' registered.
16:24:47: MovableObjectFactory for type 'RibbonTrail' registered.
16:24:47: *-*-* OGRE Initialising
16:24:47: *-*-* Version 1.7.0dev-unstable (Cthugha)
16:24:47: Loading library ./RenderSystem_GL
16:24:47: Installing plugin: GL RenderSystem
16:24:47: OpenGL Rendering Subsystem created.
16:24:47: Plugin successfully installed
16:24:47: Loading library ./Plugin_OctreeSceneManager
16:24:47: Installing plugin: Octree & Terrain Scene Manager
16:24:47: Plugin successfully installed
16:24:47: Loading library ./Plugin_ParticleFX
16:24:47: Installing plugin: ParticleFX
16:24:47: Particle Emitter Type 'Point' registered
16:24:47: Particle Emitter Type 'Box' registered
16:24:47: Particle Emitter Type 'Ellipsoid' registered
16:24:47: Particle Emitter Type 'Cylinder' registered
16:24:47: Particle Emitter Type 'Ring' registered
16:24:47: Particle Emitter Type 'HollowEllipsoid' registered
16:24:47: Particle Affector Type 'LinearForce' registered
16:24:47: Particle Affector Type 'ColourFader' registered
16:24:47: Particle Affector Type 'ColourFader2' registered
16:24:47: Particle Affector Type 'ColourImage' registered
16:24:47: Particle Affector Type 'ColourInterpolator' registered
16:24:47: Particle Affector Type 'Scaler' registered
16:24:47: Particle Affector Type 'Rotator' registered
16:24:47: Particle Affector Type 'DirectionRandomiser' registered
16:24:47: Particle Affector Type 'DeflectorPlane' registered
16:24:47: Plugin successfully installed
16:24:47: Creating resource group Bootstrap
16:24:47: Added resource location 'Media/packs/OgreCore.zip' of type 'Zip' to resource group 'Bootstrap'
16:24:47: Added resource location 'Media' of type 'FileSystem' to resource group 'General'
16:24:47: Added resource location 'Media/fonts' of type 'FileSystem' to resource group 'General'
16:24:47: Added resource location 'Media/materials/scripts' of type 'FileSystem' to resource group 'General'
16:24:47: Added resource location 'Media/materials/textures' of type 'FileSystem' to resource group 'General'
16:24:47: Added resource location 'Media/models' of type 'FileSystem' to resource group 'General'
16:24:47: Added resource location 'Media/MyGUI_Media' of type 'FileSystem' to resource group 'General'
16:24:47: Added resource location 'Media/Caelum' of type 'FileSystem' to resource group 'General'
16:24:47: Added resource location 'Media/scripts' of type 'FileSystem' to resource group 'General'
16:24:47: Added resource location 'Media/textures' of type 'FileSystem' to resource group 'General'
16:24:47: CPU Identifier & Features
16:24:47: -------------------------
16:24:47:  *   CPU ID: GenuineIntel: Genuine Intel(R) CPU           T2500  @ 2.00GHz
16:24:47:  *      SSE: yes
16:24:47:  *     SSE2: yes
16:24:47:  *     SSE3: yes
16:24:47:  *      MMX: yes
16:24:47:  *   MMXEXT: yes
16:24:47:  *    3DNOW: no
16:24:47:  * 3DNOWEXT: no
16:24:47:  *     CMOV: yes
16:24:47:  *      TSC: yes
16:24:47:  *      FPU: yes
16:24:47:  *      PRO: yes
16:24:47:  *       HT: no
16:24:47: -------------------------
16:24:47: ******************************
*** Starting GLX Subsystem ***
******************************
16:24:47: OGRE EXCEPTION(6:FileNotFoundException): Cannot locate resource GLX_icon.png in resource group General or any other group. in ResourceGroupManager::openResource at /home/mononofu/temp/ogre/OgreMain/src/OgreResourceGroupManager.cpp (line 738)
16:24:47: GLXWindow::create used FBConfigID = 153
16:24:47: GL_VERSION = 2.1.2 NVIDIA 180.44
16:24:47: GL_VENDOR = NVIDIA Corporation
16:24:47: GL_RENDERER = GeForce Go 7900 GTX/PCI/SSE2
16:24:47: GL_EXTENSIONS = GL_ARB_color_buffer_float GL_ARB_depth_texture GL_ARB_draw_buffers GL_ARB_fragment_program GL_ARB_fragment_program_shadow GL_ARB_fragment_shader GL_ARB_half_float_pixel GL_ARB_half_float_vertex GL_ARB_framebuffer_object GL_ARB_imaging GL_ARB_map_buffer_range GL_ARB_multisample GL_ARB_multitexture GL_ARB_occlusion_query GL_ARB_pixel_buffer_object GL_ARB_point_parameters GL_ARB_point_sprite GL_ARB_shadow GL_ARB_shader_objects GL_ARB_shading_language_100 GL_ARB_texture_border_clamp GL_ARB_texture_compression GL_ARB_texture_cube_map GL_ARB_texture_env_add GL_ARB_texture_env_combine GL_ARB_texture_env_dot3 GL_ARB_texture_float GL_ARB_texture_mirrored_repeat GL_ARB_texture_non_power_of_two GL_ARB_texture_rectangle GL_ARB_transpose_matrix GL_ARB_vertex_array_object GL_ARB_vertex_buffer_object GL_ARB_vertex_program GL_ARB_vertex_shader GL_ARB_window_pos GL_ATI_draw_buffers GL_ATI_texture_float GL_ATI_texture_mirror_once GL_S3_s3tc GL_EXT_texture_env_add GL_EXT_abgr GL_EXT_bgra GL_EXT_blend_color GL_EXT_blend_equation_separate GL_EXT_blend_func_separate GL_EXT_blend_minmax GL_EXT_blend_subtract GL_EXT_compiled_vertex_array GL_EXT_Cg_shader GL_EXT_depth_bounds_test GL_EXT_direct_state_access GL_EXT_draw_range_elements GL_EXT_fog_coord GL_EXT_framebuffer_blit GL_EXT_framebuffer_multisample GL_EXT_framebuffer_object GL_EXT_gpu_program_parameters GL_EXT_multi_draw_arrays GL_EXT_packed_depth_stencil GL_EXT_packed_pixels GL_EXT_pixel_buffer_object GL_EXT_point_parameters GL_EXT_rescale_normal GL_EXT_secondary_color GL_EXT_separate_specular_color GL_EXT_shadow_funcs GL_EXT_stencil_two_side GL_EXT_stencil_wrap GL_EXT_texture3D GL_EXT_texture_compression_s3tc GL_EXT_texture_cube_map GL_EXT_texture_edge_clamp GL_EXT_texture_env_combine GL_EXT_texture_env_dot3 GL_EXT_texture_filter_anisotropic GL_EXT_texture_lod GL_EXT_texture_lod_bias GL_EXT_texture_mirror_clamp GL_EXT_texture_object GL_EXT_texture_sRGB GL_EXT_texture_swizzle GL_EXT_timer_query GL_EXT_vertex_array GL_EXT_vertex_array_bgra GL_IBM_rasterpos_clip GL_IBM_texture_mirrored_repeat GL_KTX_buffer_region GL_NV_blend_square GL_NV_copy_depth_to_color GL_NV_depth_clamp GL_NV_fence GL_NV_float_buffer GL_NV_fog_distance GL_NV_fragment_program GL_NV_fragment_program_option GL_NV_fragment_program2 GL_NV_framebuffer_multisample_coverage GL_NV_half_float GL_NV_light_max_exponent GL_NV_multisample_filter_hint GL_NV_occlusion_query GL_NV_packed_depth_stencil GL_NV_pixel_data_range GL_NV_point_sprite GL_NV_primitive_restart GL_NV_register_combiners GL_NV_register_combiners2 GL_NV_texgen_reflection GL_NV_texture_compression_vtc GL_NV_texture_env_combine4 GL_NV_texture_expand_normal GL_NV_texture_rectangle GL_NV_texture_shader GL_NV_texture_shader2 GL_NV_texture_shader3 GL_NV_vertex_array_range GL_NV_vertex_array_range2 GL_NV_vertex_program GL_NV_vertex_program1_1 GL_NV_vertex_program2 GL_NV_vertex_program2_option GL_NV_vertex_program3 GL_NVX_conditional_render GL_SGIS_generate_mipmap GL_SGIS_texture_lod GL_SGIX_depth_texture GL_SGIX_shadow GL_SUN_slice_accum 
16:24:47: Supported GLX extensions: GLX_EXT_visual_info GLX_EXT_visual_rating GLX_SGIX_fbconfig GLX_SGIX_pbuffer GLX_SGI_video_sync GLX_SGI_swap_control GLX_EXT_texture_from_pixmap GLX_ARB_create_context GLX_ARB_multisample GLX_NV_float_buffer GLX_ARB_fbconfig_float GLX_ARB_get_proc_address 
16:24:47: ***************************
16:24:47: *** GL Renderer Started ***
16:24:47: ***************************
16:24:47: Registering ResourceManager for type GpuProgram
16:24:47: GLSL support detected
16:24:47: GL: Using GL_EXT_framebuffer_object for rendering to textures (best)
16:24:47: FBO PF_UNKNOWN depth/stencil support: D16S0 D24S0 D32S0 Packed-D24S8 
16:24:47: FBO PF_R5G6B5 depth/stencil support: D0S0 D16S0 D24S0 D32S0 Packed-D24S8 
16:24:47: FBO PF_B5G6R5 depth/stencil support: D0S0 D16S0 D24S0 D32S0 Packed-D24S8 
16:24:48: FBO PF_R8G8B8 depth/stencil support: D0S0 D16S0 D24S0 D32S0 Packed-D24S8 
16:24:48: FBO PF_B8G8R8 depth/stencil support: D0S0 D16S0 D24S0 D32S0 Packed-D24S8 
16:24:48: FBO PF_A8R8G8B8 depth/stencil support: D0S0 D16S0 D24S0 D32S0 Packed-D24S8 
16:24:48: FBO PF_B8G8R8A8 depth/stencil support: D0S0 D16S0 D24S0 D32S0 Packed-D24S8 
16:24:48: FBO PF_A2R10G10B10 depth/stencil support: D0S0 D16S0 D24S0 D32S0 Packed-D24S8 
16:24:48: FBO PF_A2B10G10R10 depth/stencil support: D0S0 D16S0 D24S0 D32S0 Packed-D24S8 
16:24:48: FBO PF_FLOAT16_RGB depth/stencil support: D0S0 D16S0 D24S0 D32S0 Packed-D24S8 
16:24:48: FBO PF_FLOAT16_RGBA depth/stencil support: D0S0 D16S0 D24S0 D32S0 Packed-D24S8 
16:24:48: FBO PF_FLOAT32_RGB depth/stencil support: D0S0 D16S0 D24S0 D32S0 Packed-D24S8 
16:24:48: FBO PF_FLOAT32_RGBA depth/stencil support: D0S0 D16S0 D24S0 D32S0 Packed-D24S8 
16:24:48: FBO PF_X8R8G8B8 depth/stencil support: D0S0 D16S0 D24S0 D32S0 Packed-D24S8 
16:24:48: FBO PF_X8B8G8R8 depth/stencil support: D0S0 D16S0 D24S0 D32S0 Packed-D24S8 
16:24:48: FBO PF_SHORT_RGBA depth/stencil support: D0S0 D16S0 D24S0 D32S0 Packed-D24S8 
16:24:48: FBO PF_R3G3B2 depth/stencil support: D0S0 D16S0 D24S0 D32S0 Packed-D24S8 
16:24:48: FBO PF_SHORT_RGB depth/stencil support: D0S0 D16S0 D24S0 D32S0 Packed-D24S8 
16:24:48: [GL] : Valid FBO targets PF_UNKNOWN PF_R5G6B5 PF_B5G6R5 PF_R8G8B8 PF_B8G8R8 PF_A8R8G8B8 PF_B8G8R8A8 PF_A2R10G10B10 PF_A2B10G10R10 PF_FLOAT16_RGB PF_FLOAT16_RGBA PF_FLOAT32_RGB PF_FLOAT32_RGBA PF_X8R8G8B8 PF_X8B8G8R8 PF_SHORT_RGBA PF_R3G3B2 PF_SHORT_RGB 
16:24:48: RenderSystem capabilities
16:24:48: -------------------------
16:24:48: RenderSystem Name: OpenGL Rendering Subsystem
16:24:48: GPU Vendor: nvidia
16:24:48: Device Name: GeForce Go 7900 GTX/PCI/SSE2
16:24:48: Driver Version: 2.1.2.0
16:24:48:  * Fixed function pipeline: yes
16:24:48:  * Hardware generation of mipmaps: yes
16:24:48:  * Texture blending: yes
16:24:48:  * Anisotropic texture filtering: yes
16:24:48:  * Dot product texture operation: yes
16:24:48:  * Cube mapping: yes
16:24:48:  * Hardware stencil buffer: yes
16:24:48:    - Stencil depth: 8
16:24:48:    - Two sided stencil support: yes
16:24:48:    - Wrap stencil values: yes
16:24:48:  * Hardware vertex / index buffers: yes
16:24:48:  * Vertex programs: yes
16:24:48:  * Fragment programs: yes
16:24:48:  * Geometry programs: no
16:24:48:  * Supported Shader Profiles: arbfp1 arbvp1 fp20 fp30 fp40 glsl vp30 vp40
16:24:48:  * Texture Compression: yes
16:24:48:    - DXT: yes
16:24:48:    - VTC: yes
16:24:48:  * Scissor Rectangle: yes
16:24:48:  * Hardware Occlusion Query: yes
16:24:48:  * User clip planes: yes
16:24:48:  * VET_UBYTE4 vertex element type: yes
16:24:48:  * Infinite far plane projection: yes
16:24:48:  * Hardware render-to-texture: yes
16:24:48:  * Floating point textures: yes
16:24:48:  * Non-power-of-two textures: yes
16:24:48:  * Volume textures: yes
16:24:48:  * Multiple Render Targets: 4
16:24:48:    - With different bit depths: yes
16:24:48:  * Point Sprites: yes
16:24:48:  * Extended point parameters: yes
16:24:48:  * Max Point Size: 63.375
16:24:48:  * Vertex texture fetch: yes
16:24:48:    - Max vertex textures: 4
16:24:48:    - Vertex textures shared: yes
16:24:48:  * Render to Vertex Buffer : no
16:24:48:  * GL 1.5 without VBO workaround: no
16:24:48:  * Frame Buffer objects: yes
16:24:48:  * Frame Buffer objects (ARB extension): no
16:24:48:  * Frame Buffer objects (ATI extension): no
16:24:48:  * PBuffer suppport: no
16:24:48:  * GL 1.5 without HW-occlusion workaround: no
16:24:48: Registering ResourceManager for type Texture
16:24:48: ResourceBackgroundQueue - threading disabled
16:24:48: Particle Renderer Type 'billboard' registered
16:24:48: SceneManagerFactory for type 'OctreeSceneManager' registered.
16:24:48: SceneManagerFactory for type 'TerrainSceneManager' registered.
16:24:48: TerrainSceneManager: Registered a new PageSource for type Heightmap
16:24:48: Parsing scripts for resource group Autodetect
16:24:48: Finished parsing scripts for resource group Autodetect
16:24:48: Parsing scripts for resource group Bootstrap
16:24:48: Parsing script OgreCore.material
16:24:48: Parsing script OgreProfiler.material
16:24:48: Parsing script Ogre.fontdef
16:24:48: Parsing script OgreDebugPanel.overlay
16:24:48: Texture: New_Ogre_Border_Center.png: Loading 1 faces(PF_A8R8G8B8,256x128x1) with 5 generated mipmaps from Image. Internal format is PF_A8R8G8B8,256x128x1.
16:24:48: Texture: New_Ogre_Border.png: Loading 1 faces(PF_A8R8G8B8,256x256x1) with 5 generated mipmaps from Image. Internal format is PF_A8R8G8B8,256x256x1.
16:24:48: Texture: New_Ogre_Border_Break.png: Loading 1 faces(PF_A8R8G8B8,32x32x1) with 5 generated mipmaps from Image. Internal format is PF_A8R8G8B8,32x32x1.
16:24:48: Font BlueHighwayusing texture size 512x512
16:24:48: Info: Freetype returned null for character 127 in font BlueHighway
16:24:48: Info: Freetype returned null for character 128 in font BlueHighway
16:24:48: Info: Freetype returned null for character 129 in font BlueHighway
16:24:48: Info: Freetype returned null for character 130 in font BlueHighway
16:24:48: Info: Freetype returned null for character 131 in font BlueHighway
16:24:48: Info: Freetype returned null for character 132 in font BlueHighway
16:24:48: Info: Freetype returned null for character 133 in font BlueHighway
16:24:48: Info: Freetype returned null for character 134 in font BlueHighway
16:24:48: Info: Freetype returned null for character 135 in font BlueHighway
16:24:48: Info: Freetype returned null for character 136 in font BlueHighway
16:24:48: Info: Freetype returned null for character 137 in font BlueHighway
16:24:48: Info: Freetype returned null for character 138 in font BlueHighway
16:24:48: Info: Freetype returned null for character 139 in font BlueHighway
16:24:48: Info: Freetype returned null for character 140 in font BlueHighway
16:24:48: Info: Freetype returned null for character 141 in font BlueHighway
16:24:48: Info: Freetype returned null for character 142 in font BlueHighway
16:24:48: Info: Freetype returned null for character 143 in font BlueHighway
16:24:48: Info: Freetype returned null for character 144 in font BlueHighway
16:24:48: Info: Freetype returned null for character 145 in font BlueHighway
16:24:48: Info: Freetype returned null for character 146 in font BlueHighway
16:24:48: Info: Freetype returned null for character 147 in font BlueHighway
16:24:48: Info: Freetype returned null for character 148 in font BlueHighway
16:24:48: Info: Freetype returned null for character 149 in font BlueHighway
16:24:48: Info: Freetype returned null for character 150 in font BlueHighway
16:24:48: Info: Freetype returned null for character 151 in font BlueHighway
16:24:48: Info: Freetype returned null for character 152 in font BlueHighway
16:24:48: Info: Freetype returned null for character 153 in font BlueHighway
16:24:48: Info: Freetype returned null for character 154 in font BlueHighway
16:24:48: Info: Freetype returned null for character 155 in font BlueHighway
16:24:48: Info: Freetype returned null for character 156 in font BlueHighway
16:24:48: Info: Freetype returned null for character 157 in font BlueHighway
16:24:48: Info: Freetype returned null for character 158 in font BlueHighway
16:24:48: Info: Freetype returned null for character 159 in font BlueHighway
16:24:48: Info: Freetype returned null for character 160 in font BlueHighway
16:24:48: Texture: BlueHighwayTexture: Loading 1 faces(PF_BYTE_LA,512x512x1) with 0 generated mipmaps from Image. Internal format is PF_BYTE_LA,512x512x1.
16:24:48: Texture: ogretext.png: Loading 1 faces(PF_A8R8G8B8,256x128x1) with 5 generated mipmaps from Image. Internal format is PF_A8R8G8B8,256x128x1.
16:24:48: Parsing script OgreLoadingPanel.overlay
16:24:48: Finished parsing scripts for resource group Bootstrap
16:24:48: Parsing scripts for resource group General
16:24:48: Parsing script MinimalCompositorVP.program
16:24:48: Parsing script Haze.program
16:24:48: Parsing script GroundFog.program
16:24:48: Parsing script DepthRender.program
16:24:48: Parsing script Ogre.material
16:24:48: Parsing script DepthComposer.material
16:24:48: Parsing script Starfield.material
16:24:48: Parsing script CaelumSample.material
16:24:48: Parsing script SkyDome.material
16:24:48: Parsing script Precipitation.material
16:24:48: Parsing script PointStarfield.material
16:24:48: Parsing script moon.material
16:24:48: Parsing script Sun.material
16:24:48: Parsing script LayeredClouds.material
16:24:48: Parsing script GroundFog.material
16:24:48: Parsing script example.material
16:24:48: Parsing script DepthComposer.compositor
16:24:48: Parsing script Precipitation.compositor
16:24:48: Parsing script sample.fontdef
16:24:48: Finished parsing scripts for resource group General
16:24:48: Parsing scripts for resource group Internal
16:24:48: Finished parsing scripts for resource group Internal
16:24:48: Texture: core.png: Loading 1 faces(PF_A8R8G8B8,1024x256x1) with 0 generated mipmaps from Image. Internal format is PF_A8R8G8B8,1024x256x1.
16:24:48: Texture: core_pointer.png: Loading 1 faces(PF_A8R8G8B8,256x128x1) with 0 generated mipmaps from Image. Internal format is PF_A8R8G8B8,256x128x1.
16:24:48: Texture: Default_Texture: Loading 1 faces(PF_BYTE_LA,1024x128x1) with 0 generated mipmaps from Image. Internal format is PF_BYTE_LA,1024x128x1.
16:24:48: Caelum: Initialising Caelum system...
16:24:48: Caelum: Plugin not installed; installing now.
16:24:48: Caelum plugin version 0.5.0 installed
16:24:48: Registering ResourceManager for type PropertyScript
16:24:48: Caelum: Creating required internal resource group 'Caelum'
16:24:48: Creating resource group Caelum
16:24:48: Caelum: Creating caelum sub-components.
16:24:48: Texture: EarthClearSky2.png: Loading 1 faces(PF_A8R8G8B8,64x64x1) with 0 generated mipmaps from Image. Internal format is PF_A8R8G8B8,64x64x1.
16:24:48: Caelum: Creating CaelumSphericDome sphere mesh resource...
16:24:48: Caelum: generateSphericDome DONE
16:24:48: Texture: sun_disc.png: Loading 1 faces(PF_A8R8G8B8,128x128x1) with 0 generated mipmaps from Image. Internal format is PF_A8R8G8B8,128x128x1.
16:24:48: WARNING: material Caelum/PhaseMoon/B16B2A10 has no supportable Techniques and will be blank. Explanation: 
Pass 0: Fragment program Caelum/PhaseMoonFP cannot be used - not supported.

16:24:48: OGRE EXCEPTION(-1:UnsupportedException): Can't load material "Caelum/PhaseMoon": Pass 0: Fragment program Caelum/PhaseMoonFP cannot be used - not supported.
 in Caelum at main/src/InternalUtilities.cpp (line 101)
16:24:48: Caelum: Failed to initialize moon: OGRE EXCEPTION(-1:UnsupportedException): Can't load material "Caelum/PhaseMoon": Pass 0: Fragment program Caelum/PhaseMoonFP cannot be used - not supported.
 in Caelum at main/src/InternalUtilities.cpp (line 101)
16:24:48: WARNING: material Caelum/StarPoint/B16B0FC0 has no supportable Techniques and will be blank. Explanation: 
Pass 0: Vertex program Caelum/StarPointVP cannot be used - not supported.

16:24:48: OGRE EXCEPTION(-1:UnsupportedException): Can't load material "Caelum/StarPoint": Pass 0: Vertex program Caelum/StarPointVP cannot be used - not supported.
 in Caelum at main/src/InternalUtilities.cpp (line 101)
16:24:48: Caelum: Failed to initialize starfield: OGRE EXCEPTION(-1:UnsupportedException): Can't load material "Caelum/StarPoint": Pass 0: Vertex program Caelum/StarPointVP cannot be used - not supported.
 in Caelum at main/src/InternalUtilities.cpp (line 101)
16:24:48: WARNING: material Caelum/FlatCloudLayer/MaterialB16730A8 has no supportable Techniques and will be blank. Explanation: 
Pass 0: Vertex program CaelumLayeredCloudsVP cannot be used - not supported.

16:24:48: OGRE EXCEPTION(-1:UnsupportedException): Can't load material "CaelumLayeredClouds": Pass 0: Vertex program CaelumLayeredCloudsVP cannot be used - not supported.
 in Caelum at main/src/InternalUtilities.cpp (line 101)
16:24:48: Caelum: Failed to initialize clouds: OGRE EXCEPTION(-1:UnsupportedException): Can't load material "CaelumLayeredClouds": Pass 0: Vertex program CaelumLayeredCloudsVP cannot be used - not supported.
 in Caelum at main/src/InternalUtilities.cpp (line 101)
16:24:48: Caelum: DONE initializing
16:24:50: Caelum: Delete UniversalClock
16:24:50: Caelum: CaelumSystem destroyed.
16:24:50: *-*-* OGRE Shutdown
16:24:50: *-*-* OGRE Shutdown
16:24:50: Unregistering ResourceManager for type Compositor
